2012-05-16 18:55:37,769 INFO main org.aksw.provenance.FactCheckerDemo - Loading false triple from file: artist_8_prop.ttl
2012-05-16 18:55:37,772 INFO main org.aksw.provenance.FactCheckerDemo - Loading false triple from file: associated_band_2_ran.ttl
2012-05-16 18:55:37,774 INFO main org.aksw.provenance.FactCheckerDemo - Loading false triple from file: birth_place_1_random.ttl
2012-05-16 18:55:37,777 INFO main org.aksw.provenance.FactCheckerDemo - Loading false triple from file: city_5_prop.ttl
2012-05-16 18:55:37,779 INFO main org.aksw.provenance.FactCheckerDemo - Loading false triple from file: country_7_random.ttl
2012-05-16 18:55:37,781 INFO main org.aksw.provenance.FactCheckerDemo - Loading false triple from file: distributor_4_random.ttl
2012-05-16 18:55:37,783 INFO main org.aksw.provenance.FactCheckerDemo - Loading false triple from file: format_2_prop.ttl
2012-05-16 18:55:37,785 INFO main org.aksw.provenance.FactCheckerDemo - Loading false triple from file: genus_7_dom.ttl
2012-05-16 18:55:37,787 INFO main org.aksw.provenance.FactCheckerDemo - Loading false triple from file: industry_6_ran.ttl
2012-05-16 18:55:37,789 INFO main org.aksw.provenance.FactCheckerDemo - Loading false triple from file: kingdom_3_prop.ttl
2012-05-16 18:55:37,791 INFO main org.aksw.provenance.FactCheckerDemo - Loading false triple from file: location_9_ran.ttl
2012-05-16 18:55:37,794 INFO main org.aksw.provenance.FactCheckerDemo - Loading false triple from file: musical_band_2_ran.ttl
2012-05-16 18:55:37,796 INFO main org.aksw.provenance.FactCheckerDemo - Loading false triple from file: owner_5_dom.ttl
2012-05-16 18:55:37,798 INFO main org.aksw.provenance.FactCheckerDemo - Loading false triple from file: previous_work_8_ran.ttl
2012-05-16 18:55:37,800 INFO main org.aksw.provenance.FactCheckerDemo - Loading false triple from file: product_7_random.ttl
2012-05-16 18:55:37,804 INFO main org.aksw.provenance.FactCheckerDemo - Loading false triple from file: recorded_in_2_dom.ttl
2012-05-16 18:55:37,806 INFO main org.aksw.provenance.FactCheckerDemo - Loading false triple from file: subsequent_work_0_ran.ttl
2012-05-16 18:55:37,809 INFO main org.aksw.provenance.FactCheckerDemo - Loading false triple from file: team_4_prop.ttl
2012-05-16 18:55:37,812 INFO main org.aksw.provenance.FactCheckerDemo - Loading false triple from file: writer_0_dom.ttl
2012-05-16 18:55:37,814 INFO main org.aksw.provenance.FactCheckerDemo - Loading true triple from file: alma_mater_5.ttl
2012-05-16 18:55:37,817 INFO main org.aksw.provenance.FactCheckerDemo - Loading true triple from file: artist_6.ttl
2012-05-16 18:55:37,819 INFO main org.aksw.provenance.FactCheckerDemo - Loading true triple from file: associated_band_5.ttl
2012-05-16 18:55:37,822 INFO main org.aksw.provenance.FactCheckerDemo - Loading true triple from file: associated_musical_artist_3.ttl
2012-05-16 18:55:37,825 INFO main org.aksw.provenance.FactCheckerDemo - Loading true triple from file: battle_8.ttl
2012-05-16 18:55:37,828 INFO main org.aksw.provenance.FactCheckerDemo - Loading true triple from file: birth_place_6.ttl
2012-05-16 18:55:37,830 INFO main org.aksw.provenance.FactCheckerDemo - Loading true triple from file: branch_5.ttl
2012-05-16 18:55:37,832 INFO main org.aksw.provenance.FactCheckerDemo - Loading true triple from file: city_6.ttl
2012-05-16 18:55:37,834 INFO main org.aksw.provenance.FactCheckerDemo - Loading true triple from file: computing_platform_6.ttl
2012-05-16 18:55:37,836 INFO main org.aksw.provenance.FactCheckerDemo - Loading true triple from file: country_8.ttl
2012-05-16 18:55:37,839 INFO main org.aksw.provenance.FactCheckerDemo - Loading true triple from file: death_place_7.ttl
2012-05-16 18:55:37,843 INFO main org.aksw.provenance.FactCheckerDemo - Loading true triple from file: director_5.ttl
2012-05-16 18:55:37,846 INFO main org.aksw.provenance.FactCheckerDemo - Loading true triple from file: district_8.ttl
2012-05-16 18:55:37,849 INFO main org.aksw.provenance.FactCheckerDemo - Loading true triple from file: family_8.ttl
2012-05-16 18:55:37,853 INFO main org.aksw.provenance.FactCheckerDemo - Loading true triple from file: format_9.ttl
2012-05-16 18:55:37,856 INFO main org.aksw.provenance.FactCheckerDemo - Loading true triple from file: genre_9.ttl
2012-05-16 18:55:37,858 INFO main org.aksw.provenance.FactCheckerDemo - Loading true triple from file: kingdom_6.ttl
2012-05-16 18:55:37,860 INFO main org.aksw.provenance.FactCheckerDemo - Loading true triple from file: musical_band_5.ttl
2012-05-16 18:55:37,862 INFO main org.aksw.provenance.FactCheckerDemo - Loading true triple from file: producer_0.ttl
2012-05-16 18:55:37,864 INFO main org.aksw.provenance.FactCheckerDemo - Loading true triple from file: recorded_in_1.ttl
2012-05-16 18:55:37,866 INFO main org.aksw.provenance.FactCheckerDemo - Loading true triple from file: state_8.ttl
2012-05-16 18:55:37,869 INFO main org.aksw.provenance.FactCheckerDemo - Loading true triple from file: writer_8.ttl
2012-05-16 18:55:37,871 INFO main org.aksw.provenance.search.fact.DefaultFactSearcher - Starting to load surface forms!
2012-05-16 18:55:54,122 INFO main org.aksw.provenance.search.fact.DefaultFactSearcher - Finished to load surface forms!
2012-05-16 18:55:55,000 INFO main org.aksw.provenance.search.query.QueryGenerator - Generated 0 queries for fact: http://dbpedia.org/resource/Stumpy_%28album%29 @http://dbpedia.org/ontology/tradeMark http://dbpedia.org/resource/Tall_Dwarfs
2012-05-16 18:55:55,080 INFO main org.aksw.provenance.search.query.QueryGenerator - Generated 20 queries for fact: http://dbpedia.org/resource/Dancer_%28band%29 @http://dbpedia.org/ontology/associatedBand http://dbpedia.org/resource/Inculto
2012-05-16 18:55:55,082 INFO main org.aksw.provenance.FactChecker - Preparing queries took 0 min, 0 sec
2012-05-16 18:57:06,741 INFO main org.aksw.provenance.FactCheckerDemo - Loading false triple from file: artist_8_prop.ttl
2012-05-16 18:57:06,744 INFO main org.aksw.provenance.FactCheckerDemo - Loading false triple from file: associated_band_2_ran.ttl
2012-05-16 18:57:06,746 INFO main org.aksw.provenance.FactCheckerDemo - Loading false triple from file: birth_place_1_random.ttl
2012-05-16 18:57:06,749 INFO main org.aksw.provenance.FactCheckerDemo - Loading false triple from file: city_5_prop.ttl
2012-05-16 18:57:06,751 INFO main org.aksw.provenance.FactCheckerDemo - Loading false triple from file: country_7_random.ttl
2012-05-16 18:57:06,753 INFO main org.aksw.provenance.FactCheckerDemo - Loading false triple from file: distributor_4_random.ttl
2012-05-16 18:57:06,755 INFO main org.aksw.provenance.FactCheckerDemo - Loading false triple from file: format_2_prop.ttl
2012-05-16 18:57:06,757 INFO main org.aksw.provenance.FactCheckerDemo - Loading false triple from file: genus_7_dom.ttl
2012-05-16 18:57:06,759 INFO main org.aksw.provenance.FactCheckerDemo - Loading false triple from file: industry_6_ran.ttl
2012-05-16 18:57:06,761 INFO main org.aksw.provenance.FactCheckerDemo - Loading false triple from file: kingdom_3_prop.ttl
2012-05-16 18:57:06,763 INFO main org.aksw.provenance.FactCheckerDemo - Loading false triple from file: location_9_ran.ttl
2012-05-16 18:57:06,765 INFO main org.aksw.provenance.FactCheckerDemo - Loading false triple from file: musical_band_2_ran.ttl
2012-05-16 18:57:06,767 INFO main org.aksw.provenance.FactCheckerDemo - Loading false triple from file: owner_5_dom.ttl
2012-05-16 18:57:06,769 INFO main org.aksw.provenance.FactCheckerDemo - Loading false triple from file: previous_work_8_ran.ttl
2012-05-16 18:57:06,770 INFO main org.aksw.provenance.FactCheckerDemo - Loading false triple from file: product_7_random.ttl
2012-05-16 18:57:06,773 INFO main org.aksw.provenance.FactCheckerDemo - Loading false triple from file: recorded_in_2_dom.ttl
2012-05-16 18:57:06,775 INFO main org.aksw.provenance.FactCheckerDemo - Loading false triple from file: subsequent_work_0_ran.ttl
2012-05-16 18:57:06,778 INFO main org.aksw.provenance.FactCheckerDemo - Loading false triple from file: team_4_prop.ttl
2012-05-16 18:57:06,780 INFO main org.aksw.provenance.FactCheckerDemo - Loading false triple from file: writer_0_dom.ttl
2012-05-16 18:57:06,782 INFO main org.aksw.provenance.FactCheckerDemo - Loading true triple from file: alma_mater_5.ttl
2012-05-16 18:57:06,784 INFO main org.aksw.provenance.FactCheckerDemo - Loading true triple from file: artist_6.ttl
2012-05-16 18:57:06,785 INFO main org.aksw.provenance.FactCheckerDemo - Loading true triple from file: associated_band_5.ttl
2012-05-16 18:57:06,787 INFO main org.aksw.provenance.FactCheckerDemo - Loading true triple from file: associated_musical_artist_3.ttl
2012-05-16 18:57:06,789 INFO main org.aksw.provenance.FactCheckerDemo - Loading true triple from file: battle_8.ttl
2012-05-16 18:57:06,791 INFO main org.aksw.provenance.FactCheckerDemo - Loading true triple from file: birth_place_6.ttl
2012-05-16 18:57:06,793 INFO main org.aksw.provenance.FactCheckerDemo - Loading true triple from file: branch_5.ttl
2012-05-16 18:57:06,794 INFO main org.aksw.provenance.FactCheckerDemo - Loading true triple from file: city_6.ttl
2012-05-16 18:57:06,796 INFO main org.aksw.provenance.FactCheckerDemo - Loading true triple from file: computing_platform_6.ttl
2012-05-16 18:57:06,798 INFO main org.aksw.provenance.FactCheckerDemo - Loading true triple from file: country_8.ttl
2012-05-16 18:57:06,800 INFO main org.aksw.provenance.FactCheckerDemo - Loading true triple from file: death_place_7.ttl
2012-05-16 18:57:06,802 INFO main org.aksw.provenance.FactCheckerDemo - Loading true triple from file: director_5.ttl
2012-05-16 18:57:06,804 INFO main org.aksw.provenance.FactCheckerDemo - Loading true triple from file: district_8.ttl
2012-05-16 18:57:06,806 INFO main org.aksw.provenance.FactCheckerDemo - Loading true triple from file: family_8.ttl
2012-05-16 18:57:06,808 INFO main org.aksw.provenance.FactCheckerDemo - Loading true triple from file: format_9.ttl
2012-05-16 18:57:06,810 INFO main org.aksw.provenance.FactCheckerDemo - Loading true triple from file: genre_9.ttl
2012-05-16 18:57:06,812 INFO main org.aksw.provenance.FactCheckerDemo - Loading true triple from file: kingdom_6.ttl
2012-05-16 18:57:06,814 INFO main org.aksw.provenance.FactCheckerDemo - Loading true triple from file: musical_band_5.ttl
2012-05-16 18:57:06,816 INFO main org.aksw.provenance.FactCheckerDemo - Loading true triple from file: producer_0.ttl
2012-05-16 18:57:06,818 INFO main org.aksw.provenance.FactCheckerDemo - Loading true triple from file: recorded_in_1.ttl
2012-05-16 18:57:06,820 INFO main org.aksw.provenance.FactCheckerDemo - Loading true triple from file: state_8.ttl
2012-05-16 18:57:06,821 INFO main org.aksw.provenance.FactCheckerDemo - Loading true triple from file: writer_8.ttl
2012-05-16 18:57:06,823 INFO main org.aksw.provenance.search.fact.DefaultFactSearcher - Starting to load surface forms!
2012-05-16 18:58:00,419 INFO main org.aksw.provenance.FactCheckerDemo - Loading false triple from file: artist_8_prop.ttl
2012-05-16 18:58:00,422 INFO main org.aksw.provenance.FactCheckerDemo - Loading false triple from file: associated_band_2_ran.ttl
2012-05-16 18:58:00,424 INFO main org.aksw.provenance.FactCheckerDemo - Loading false triple from file: birth_place_1_random.ttl
2012-05-16 18:58:00,427 INFO main org.aksw.provenance.FactCheckerDemo - Loading false triple from file: city_5_prop.ttl
2012-05-16 18:58:00,429 INFO main org.aksw.provenance.FactCheckerDemo - Loading false triple from file: country_7_random.ttl
2012-05-16 18:58:00,431 INFO main org.aksw.provenance.FactCheckerDemo - Loading false triple from file: distributor_4_random.ttl
2012-05-16 18:58:00,434 INFO main org.aksw.provenance.FactCheckerDemo - Loading false triple from file: format_2_prop.ttl
2012-05-16 18:58:00,436 INFO main org.aksw.provenance.FactCheckerDemo - Loading false triple from file: genus_7_dom.ttl
2012-05-16 18:58:00,438 INFO main org.aksw.provenance.FactCheckerDemo - Loading false triple from file: industry_6_ran.ttl
2012-05-16 18:58:00,440 INFO main org.aksw.provenance.FactCheckerDemo - Loading false triple from file: kingdom_3_prop.ttl
2012-05-16 18:58:00,442 INFO main org.aksw.provenance.FactCheckerDemo - Loading false triple from file: location_9_ran.ttl
2012-05-16 18:58:00,444 INFO main org.aksw.provenance.FactCheckerDemo - Loading false triple from file: musical_band_2_ran.ttl
2012-05-16 18:58:00,446 INFO main org.aksw.provenance.FactCheckerDemo - Loading false triple from file: owner_5_dom.ttl
2012-05-16 18:58:00,448 INFO main org.aksw.provenance.FactCheckerDemo - Loading false triple from file: previous_work_8_ran.ttl
2012-05-16 18:58:00,450 INFO main org.aksw.provenance.FactCheckerDemo - Loading false triple from file: product_7_random.ttl
2012-05-16 18:58:00,452 INFO main org.aksw.provenance.FactCheckerDemo - Loading false triple from file: recorded_in_2_dom.ttl
2012-05-16 18:58:00,455 INFO main org.aksw.provenance.FactCheckerDemo - Loading false triple from file: subsequent_work_0_ran.ttl
2012-05-16 18:58:00,457 INFO main org.aksw.provenance.FactCheckerDemo - Loading false triple from file: team_4_prop.ttl
2012-05-16 18:58:00,459 INFO main org.aksw.provenance.FactCheckerDemo - Loading false triple from file: writer_0_dom.ttl
2012-05-16 18:58:00,461 INFO main org.aksw.provenance.FactCheckerDemo - Loading true triple from file: alma_mater_5.ttl
2012-05-16 18:58:00,463 INFO main org.aksw.provenance.FactCheckerDemo - Loading true triple from file: artist_6.ttl
2012-05-16 18:58:00,465 INFO main org.aksw.provenance.FactCheckerDemo - Loading true triple from file: associated_band_5.ttl
2012-05-16 18:58:00,467 INFO main org.aksw.provenance.FactCheckerDemo - Loading true triple from file: associated_musical_artist_3.ttl
2012-05-16 18:58:00,469 INFO main org.aksw.provenance.FactCheckerDemo - Loading true triple from file: battle_8.ttl
2012-05-16 18:58:00,471 INFO main org.aksw.provenance.FactCheckerDemo - Loading true triple from file: birth_place_6.ttl
2012-05-16 18:58:00,473 INFO main org.aksw.provenance.FactCheckerDemo - Loading true triple from file: branch_5.ttl
2012-05-16 18:58:00,475 INFO main org.aksw.provenance.FactCheckerDemo - Loading true triple from file: city_6.ttl
2012-05-16 18:58:00,477 INFO main org.aksw.provenance.FactCheckerDemo - Loading true triple from file: computing_platform_6.ttl
2012-05-16 18:58:00,479 INFO main org.aksw.provenance.FactCheckerDemo - Loading true triple from file: country_8.ttl
2012-05-16 18:58:00,482 INFO main org.aksw.provenance.FactCheckerDemo - Loading true triple from file: death_place_7.ttl
2012-05-16 18:58:00,484 INFO main org.aksw.provenance.FactCheckerDemo - Loading true triple from file: director_5.ttl
2012-05-16 18:58:00,486 INFO main org.aksw.provenance.FactCheckerDemo - Loading true triple from file: district_8.ttl
2012-05-16 18:58:00,488 INFO main org.aksw.provenance.FactCheckerDemo - Loading true triple from file: family_8.ttl
2012-05-16 18:58:00,490 INFO main org.aksw.provenance.FactCheckerDemo - Loading true triple from file: format_9.ttl
2012-05-16 18:58:00,492 INFO main org.aksw.provenance.FactCheckerDemo - Loading true triple from file: genre_9.ttl
2012-05-16 18:58:00,493 INFO main org.aksw.provenance.FactCheckerDemo - Loading true triple from file: kingdom_6.ttl
2012-05-16 18:58:00,495 INFO main org.aksw.provenance.FactCheckerDemo - Loading true triple from file: musical_band_5.ttl
2012-05-16 18:58:00,497 INFO main org.aksw.provenance.FactCheckerDemo - Loading true triple from file: producer_0.ttl
2012-05-16 18:58:00,499 INFO main org.aksw.provenance.FactCheckerDemo - Loading true triple from file: recorded_in_1.ttl
2012-05-16 18:58:00,501 INFO main org.aksw.provenance.FactCheckerDemo - Loading true triple from file: state_8.ttl
2012-05-16 18:58:00,502 INFO main org.aksw.provenance.FactCheckerDemo - Loading true triple from file: writer_8.ttl
2012-05-16 18:58:00,504 INFO main org.aksw.provenance.search.fact.DefaultFactSearcher - Starting to load surface forms!
